<?xml version="1.0" encoding="UTF-8"?>
<!-- Generated by org.testng.reporters.JUnitReportReporter -->
<testsuite skipped="0" hostname="LAPTOP-T617DD9U" name="appiumTest.AppiumTest" tests="1" failures="0" timestamp="29 Apr 2019 23:27:34 GMT" time="4.115" errors="0">
  <testcase name="testCal" time="4.115" classname="appiumTest.AppiumTest"/>
</testsuite> <!-- appiumTest.AppiumTest -->
