<?xml version="1.0" encoding="UTF-8"?>
<!-- Generated by org.testng.reporters.JUnitReportReporter -->
<testsuite skipped="0" hostname="LAPTOP-T617DD9U" name="appiumTest.AppiumTest2" tests="1" failures="0" timestamp="30 Apr 2019 02:33:30 GMT" time="11.915" errors="0">
  <testcase name="testCal" time="11.915" classname="appiumTest.AppiumTest2"/>
</testsuite> <!-- appiumTest.AppiumTest2 -->
